Determining if the pthread_create exist failed with the following output:
Change Dir: /home/ls-lqm/Desktop/c16_3.0/src/lslidar_ros/lslidar_msgs/cmake-build-debug/CMakeFiles/CMakeTmp

Run Build Command(s):/usr/bin/make cmTC_6ed7c/fast 
/usr/bin/make -f CMakeFiles/cmTC_6ed7c.dir/build.make CMakeFiles/cmTC_6ed7c.dir/build
make[1]: Entering directory '/home/ls-lqm/Desktop/c16_3.0/src/lslidar_ros/lslidar_msgs/cmake-build-debug/CMakeFiles/CMakeTmp'
Building C object CMakeFiles/cmTC_6ed7c.dir/CheckSymbolExists.c.o
/usr/bin/cc    -o CMakeFiles/cmTC_6ed7c.dir/CheckSymbolExists.c.o   -c /home/ls-lqm/Desktop/c16_3.0/src/lslidar_ros/lslidar_msgs/cmake-build-debug/CMakeFiles/CMakeTmp/CheckSymbolExists.c
Linking C executable cmTC_6ed7c
/opt/clion-2019.1.4/bin/cmake/linux/bin/cmake -E cmake_link_script CMakeFiles/cmTC_6ed7c.dir/link.txt --verbose=1
/usr/bin/cc      -rdynamic CMakeFiles/cmTC_6ed7c.dir/CheckSymbolExists.c.o  -o cmTC_6ed7c 
CMakeFiles/cmTC_6ed7c.dir/CheckSymbolExists.c.o：在函数‘main’中：
CheckSymbolExists.c:(.text+0x16)：对‘pthread_create’未定义的引用
collect2: error: ld returned 1 exit status
CMakeFiles/cmTC_6ed7c.dir/build.make:86: recipe for target 'cmTC_6ed7c' failed
make[1]: *** [cmTC_6ed7c] Error 1
make[1]: Leaving directory '/home/ls-lqm/Desktop/c16_3.0/src/lslidar_ros/lslidar_msgs/cmake-build-debug/CMakeFiles/CMakeTmp'
Makefile:121: recipe for target 'cmTC_6ed7c/fast' failed
make: *** [cmTC_6ed7c/fast] Error 2

File /home/ls-lqm/Desktop/c16_3.0/src/lslidar_ros/lslidar_msgs/cmake-build-debug/CMakeFiles/CMakeTmp/CheckSymbolExists.c:
/* */
#include <pthread.h>

int main(int argc, char** argv)
{
  (void)argv;
#ifndef pthread_create
  return ((int*)(&pthread_create))[argc];
#else
  (void)argc;
  return 0;
#endif
}

Determining if the function pthread_create exists in the pthreads failed with the following output:
Change Dir: /home/ls-lqm/Desktop/c16_3.0/src/lslidar_ros/lslidar_msgs/cmake-build-debug/CMakeFiles/CMakeTmp

Run Build Command(s):/usr/bin/make cmTC_0fb16/fast 
/usr/bin/make -f CMakeFiles/cmTC_0fb16.dir/build.make CMakeFiles/cmTC_0fb16.dir/build
make[1]: Entering directory '/home/ls-lqm/Desktop/c16_3.0/src/lslidar_ros/lslidar_msgs/cmake-build-debug/CMakeFiles/CMakeTmp'
Building C object CMakeFiles/cmTC_0fb16.dir/CheckFunctionExists.c.o
/usr/bin/cc   -DCHECK_FUNCTION_EXISTS=pthread_create   -o CMakeFiles/cmTC_0fb16.dir/CheckFunctionExists.c.o   -c /opt/clion-2019.1.4/bin/cmake/linux/share/cmake-3.14/Modules/CheckFunctionExists.c
Linking C executable cmTC_0fb16
/opt/clion-2019.1.4/bin/cmake/linux/bin/cmake -E cmake_link_script CMakeFiles/cmTC_0fb16.dir/link.txt --verbose=1
/usr/bin/cc  -DCHECK_FUNCTION_EXISTS=pthread_create    -rdynamic CMakeFiles/cmTC_0fb16.dir/CheckFunctionExists.c.o  -o cmTC_0fb16 -lpthreads 
/usr/bin/ld: 找不到 -lpthreads
collect2: error: ld returned 1 exit status
CMakeFiles/cmTC_0fb16.dir/build.make:86: recipe for target 'cmTC_0fb16' failed
make[1]: *** [cmTC_0fb16] Error 1
make[1]: Leaving directory '/home/ls-lqm/Desktop/c16_3.0/src/lslidar_ros/lslidar_msgs/cmake-build-debug/CMakeFiles/CMakeTmp'
Makefile:121: recipe for target 'cmTC_0fb16/fast' failed
make: *** [cmTC_0fb16/fast] Error 2


